<?xml version="1.0" encoding="UTF-8"?><testsuites failures="0" name="dependency-check" tests="6"><testsuite failures="0" errors="0" time="0" id="0" name="/github/workspace/projects/frontend/react-app/src/App.js" package="App.js" skipped="0" tests="1" timestamp="2025-10-07T02:44:42.736204793"><testcase classname="dependency-check" name="App.js"/></testsuite><testsuite failures="0" errors="0" time="0" id="1" name="/github/workspace/projects/frontend/react-app/src/__tests__/App.test.js" package="App.test.js" skipped="0" tests="1" timestamp="2025-10-07T02:44:42.736204793"><testcase classname="dependency-check" name="App.test.js"/></testsuite><testsuite failures="0" errors="0" time="0" id="2" name="/github/workspace/projects/frontend/react-app/src/index.js" package="index.js" skipped="0" tests="1" timestamp="2025-10-07T02:44:42.736204793"><testcase classname="dependency-check" name="index.js"/></testsuite><testsuite failures="0" errors="0" time="0" id="3" name="/github/workspace/projects/frontend/react-app/src/reportWebVitals.js" package="reportWebVitals.js" skipped="0" tests="1" timestamp="2025-10-07T02:44:42.736204793"><testcase classname="dependency-check" name="reportWebVitals.js"/></testsuite><testsuite failures="0" errors="0" time="0" id="4" name="/github/workspace/projects/backend/nodejs-api/server.js" package="server.js" skipped="0" tests="1" timestamp="2025-10-07T02:44:42.736204793"><testcase classname="dependency-check" name="server.js"/></testsuite><testsuite failures="0" errors="0" time="0" id="5" name="/github/workspace/projects/backend/nodejs-api/server.test.js" package="server.test.js" skipped="0" tests="1" timestamp="2025-10-07T02:44:42.736204793"><testcase classname="dependency-check" name="server.test.js"/></testsuite></testsuites>